<?xml version="1.0" encoding="UTF-8"?>
<testsuite xmlns:xsi="http://www.w3.org/2001/XMLSchema-instance" xsi:noNamespaceSchemaLocation="https://maven.apache.org/surefire/maven-surefire-plugin/xsd/surefire-test-report-3.0.xsd" version="3.0" name="com.example.orderreconciliation.OrderReconciliationIntegrationTest" time="2.516" tests="13" errors="0" skipped="0" failures="0">
  <properties>
[...]
</properties>
  <testcase name="postCsv_nonCsvFile" classname="com.example.orderreconciliation.OrderReconciliationIntegrationTest" time="0.116">
    <system-out><![CDATA[Standard Commons Logging discovery in action with spring-jcl: please remove commons-logging.jar from classpath in order to avoid potential conflicts
09:17:56.837 [main] INFO org.springframework.test.context.support.AnnotationConfigContextLoaderUtils -- Could not detect default configuration classes for test class [com.example.orderreconciliation.OrderReconciliationIntegrationTest]: OrderReconciliationIntegrationTest does not declare any static, non-private, non-final, nested classes annotated with @Configuration.
09:17:56.886 [main] INFO org.springframework.boot.test.context.SpringBootTestContextBootstrapper -- Found @SpringBootConfiguration com.example.orderreconciliation.OrderReconciliationApplication for test class com.example.orderreconciliation.OrderReconciliationIntegrationTest

  .   ____          _            __ _ _
 /\\ / ___'_ __ _ _(_)_ __  __ _ \ \ \ \
( ( )\___ | '_ | '_| | '_ \/ _` | \ \ \ \
 \\/  ___)| |_)| | | | | || (_| |  ) ) ) )
  '  |____| .__|_| |_|_| |_\__, | / / / /
 =========|_|==============|___/=/_/_/_/
 :: Spring Boot ::                (v3.2.5)

2026-09-09T09:17:57.064+05:30  INFO 24677 --- [           main] c.e.o.OrderReconciliationIntegrationTest : Starting OrderReconciliationIntegrationTest using Java 25.0.2 with PID 24677 (started by rajkumar in /Users/rajkumar/Documents/projects/reconciliation)
2026-09-09T09:17:57.065+05:30  INFO 24677 --- [           main] c.e.o.OrderReconciliationIntegrationTest : No active profile set, falling back to 1 default profile: "default"
2026-09-09T09:17:57.488+05:30  INFO 24677 --- [           main] .s.d.r.c.RepositoryConfigurationDelegate : Bootstrapping Spring Data JPA repositories in DEFAULT mode.
2026-09-09T09:17:57.516+05:30  INFO 24677 --- [           main] .s.d.r.c.RepositoryConfigurationDelegate : Finished Spring Data repository scanning in 24 ms. Found 1 JPA repository interface.
2026-09-09T09:17:57.763+05:30  INFO 24677 --- [           main] o.hibernate.jpa.internal.util.LogHelper  : HHH000204: Processing PersistenceUnitInfo [name: default]
2026-09-09T09:17:57.804+05:30  INFO 24677 --- [           main] org.hibernate.Version                    : HHH000412: Hibernate ORM core version 6.4.4.Final
2026-09-09T09:17:57.821+05:30  INFO 24677 --- [           main] o.h.c.internal.RegionFactoryInitiator    : HHH000026: Second-level cache disabled
2026-09-09T09:17:57.934+05:30  INFO 24677 --- [           main] o.s.o.j.p.SpringPersistenceUnitInfo      : No LoadTimeWeaver setup: ignoring JPA class transformer
2026-09-09T09:17:57.946+05:30  INFO 24677 --- [           main] com.zaxxer.hikari.HikariDataSource       : HikariPool-1 - Starting...
2026-09-09T09:17:58.028+05:30  INFO 24677 --- [           main] com.zaxxer.hikari.pool.HikariPool        : HikariPool-1 - Added connection conn0: url=jdbc:h2:mem:testdb user=SA
2026-09-09T09:17:58.028+05:30  INFO 24677 --- [           main] com.zaxxer.hikari.HikariDataSource       : HikariPool-1 - Start completed.
2026-09-09T09:17:58.443+05:30  INFO 24677 --- [           main] o.h.e.t.j.p.i.JtaPlatformInitiator       : HHH000489: No JTA platform available (set 'hibernate.transaction.jta.platform' to enable JTA platform integration)
2026-09-09T09:17:58.462+05:30  INFO 24677 --- [           main] j.LocalContainerEntityManagerFactoryBean : Initialized JPA EntityManagerFactory for persistence unit 'default'
2026-09-09T09:17:58.832+05:30  WARN 24677 --- [           main] JpaBaseConfiguration$JpaWebConfiguration : spring.jpa.open-in-view is enabled by default. Therefore, database queries may be performed during view rendering. Explicitly configure spring.jpa.open-in-view to disable this warning
2026-09-09T09:17:59.015+05:30  INFO 24677 --- [           main] o.s.b.t.m.w.SpringBootMockServletContext : Initializing Spring TestDispatcherServlet ''
2026-09-09T09:17:59.015+05:30  INFO 24677 --- [           main] o.s.t.web.servlet.TestDispatcherServlet  : Initializing Servlet ''
2026-09-09T09:17:59.015+05:30  INFO 24677 --- [           main] o.s.t.web.servlet.TestDispatcherServlet  : Completed initialization in 0 ms
2026-09-09T09:17:59.026+05:30  INFO 24677 --- [           main] c.e.o.OrderReconciliationIntegrationTest : Started OrderReconciliationIntegrationTest in 2.085 seconds (process running for 2.675)
2026-09-09T09:17:59.108+05:30  INFO 24677 --- [           main] c.e.o.csv.CsvFileHandler                 : Successfully wrote 0 orders to temporary CSV file.
2026-09-09T09:17:59.108+05:30  INFO 24677 --- [           main] c.e.o.csv.CsvFileHandler                 : CSV file updated successfully at ./target/test-data/orders.csv.
2026-09-09T09:17:59.126+05:30  WARN 24677 --- [           main] c.e.o.exception.GlobalExceptionHandler   : Invalid CSV: File must have a .csv extension. Received: orders.txt
]]></system-out>
  </testcase>
  <testcase name="getReconciliation_fieldMismatch" classname="com.example.orderreconciliation.OrderReconciliationIntegrationTest" time="0.07">
    <system-out><![CDATA[2026-09-09T09:17:59.152+05:30  INFO 24677 --- [           main] c.e.o.csv.CsvFileHandler                 : Successfully wrote 0 orders to temporary CSV file.
2026-09-09T09:17:59.152+05:30  INFO 24677 --- [           main] c.e.o.csv.CsvFileHandler                 : CSV file updated successfully at ./target/test-data/orders.csv.
2026-09-09T09:17:59.196+05:30  INFO 24677 --- [           main] c.e.o.service.OrderTableService          : Inserting new order with orderId: 100000000001
2026-09-09T09:17:59.209+05:30  INFO 24677 --- [           main] c.e.o.service.CsvService                 : CSV upload started. File: orders.csv, Size: 128 bytes
2026-09-09T09:17:59.209+05:30  INFO 24677 --- [           main] c.e.o.csv.CsvFileHandler                 : Parsed and validated 1 orders from uploaded CSV.
2026-09-09T09:17:59.209+05:30  INFO 24677 --- [           main] c.e.o.service.CsvService                 : CSV validation completed. 1 valid records found.
2026-09-09T09:17:59.210+05:30  INFO 24677 --- [           main] c.e.o.csv.CsvFileHandler                 : Successfully wrote 1 orders to temporary CSV file.
2026-09-09T09:17:59.210+05:30  INFO 24677 --- [           main] c.e.o.csv.CsvFileHandler                 : CSV file updated successfully at ./target/test-data/orders.csv.
2026-09-09T09:17:59.210+05:30  INFO 24677 --- [           main] c.e.o.service.CsvService                 : CSV file updated successfully with 1 records.
2026-09-09T09:17:59.211+05:30  INFO 24677 --- [           main] c.e.o.service.ReconciliationService      : Reconciliation started.
2026-09-09T09:17:59.214+05:30  INFO 24677 --- [           main] c.e.o.csv.CsvFileHandler                 : Read 1 orders from CSV file.
2026-09-09T09:17:59.214+05:30  INFO 24677 --- [           main] c.e.o.service.ReconciliationService      : Database records: 1. CSV records: 1.
2026-09-09T09:17:59.214+05:30  INFO 24677 --- [           main] c.e.o.service.ReconciliationService      : Reconciliation completed. Matched: 0, Table not matched: 1, CSV not matched: 1.
2026-09-09T09:17:59.216+05:30  INFO 24677 --- [           main] c.e.o.service.ReconciliationService      : Reconciliation started.
2026-09-09T09:17:59.217+05:30  INFO 24677 --- [           main] c.e.o.csv.CsvFileHandler                 : Read 1 orders from CSV file.
2026-09-09T09:17:59.217+05:30  INFO 24677 --- [           main] c.e.o.service.ReconciliationService      : Database records: 1. CSV records: 1.
2026-09-09T09:17:59.217+05:30  INFO 24677 --- [           main] c.e.o.service.ReconciliationService      : Reconciliation completed. Matched: 0, Table not matched: 1, CSV not matched: 1.
2026-09-09T09:17:59.218+05:30  INFO 24677 --- [           main] c.e.o.service.ReconciliationService      : Reconciliation started.
2026-09-09T09:17:59.219+05:30  INFO 24677 --- [           main] c.e.o.csv.CsvFileHandler                 : Read 1 orders from CSV file.
2026-09-09T09:17:59.219+05:30  INFO 24677 --- [           main] c.e.o.service.ReconciliationService      : Database records: 1. CSV records: 1.
2026-09-09T09:17:59.219+05:30  INFO 24677 --- [           main] c.e.o.service.ReconciliationService      : Reconciliation completed. Matched: 0, Table not matched: 1, CSV not matched: 1.
]]></system-out>
  </testcase>
  <testcase name="postCsv_validFile" classname="com.example.orderreconciliation.OrderReconciliationIntegrationTest" time="0.009">
    <system-out><![CDATA[2026-09-09T09:17:59.227+05:30  INFO 24677 --- [           main] c.e.o.csv.CsvFileHandler                 : Successfully wrote 0 orders to temporary CSV file.
2026-09-09T09:17:59.228+05:30  INFO 24677 --- [           main] c.e.o.csv.CsvFileHandler                 : CSV file updated successfully at ./target/test-data/orders.csv.
2026-09-09T09:17:59.228+05:30  INFO 24677 --- [           main] c.e.o.service.CsvService                 : CSV upload started. File: orders.csv, Size: 189 bytes
2026-09-09T09:17:59.228+05:30  INFO 24677 --- [           main] c.e.o.csv.CsvFileHandler                 : Parsed and validated 2 orders from uploaded CSV.
2026-09-09T09:17:59.228+05:30  INFO 24677 --- [           main] c.e.o.service.CsvService                 : CSV validation completed. 2 valid records found.
2026-09-09T09:17:59.229+05:30  INFO 24677 --- [           main] c.e.o.csv.CsvFileHandler                 : Successfully wrote 2 orders to temporary CSV file.
2026-09-09T09:17:59.229+05:30  INFO 24677 --- [           main] c.e.o.csv.CsvFileHandler                 : CSV file updated successfully at ./target/test-data/orders.csv.
2026-09-09T09:17:59.229+05:30  INFO 24677 --- [           main] c.e.o.service.CsvService                 : CSV file updated successfully with 2 records.
]]></system-out>
  </testcase>
  <testcase name="postCsv_invalidHeader" classname="com.example.orderreconciliation.OrderReconciliationIntegrationTest" time="0.004">
    <system-out><![CDATA[2026-09-09T09:17:59.232+05:30  INFO 24677 --- [           main] c.e.o.csv.CsvFileHandler                 : Successfully wrote 0 orders to temporary CSV file.
2026-09-09T09:17:59.233+05:30  INFO 24677 --- [           main] c.e.o.csv.CsvFileHandler                 : CSV file updated successfully at ./target/test-data/orders.csv.
2026-09-09T09:17:59.233+05:30  INFO 24677 --- [           main] c.e.o.service.CsvService                 : CSV upload started. File: orders.csv, Size: 108 bytes
2026-09-09T09:17:59.234+05:30  WARN 24677 --- [           main] c.e.o.exception.GlobalExceptionHandler   : Invalid CSV: CSV header column 1 must be 'orderId' but found 'wrong1'
]]></system-out>
  </testcase>
  <testcase name="postTable_insertNewOrder" classname="com.example.orderreconciliation.OrderReconciliationIntegrationTest" time="0.007">
    <system-out><![CDATA[2026-09-09T09:17:59.237+05:30  INFO 24677 --- [           main] c.e.o.csv.CsvFileHandler                 : Successfully wrote 0 orders to temporary CSV file.
2026-09-09T09:17:59.238+05:30  INFO 24677 --- [           main] c.e.o.csv.CsvFileHandler                 : CSV file updated successfully at ./target/test-data/orders.csv.
2026-09-09T09:17:59.240+05:30  INFO 24677 --- [           main] c.e.o.service.OrderTableService          : Inserting new order with orderId: 100000000001
]]></system-out>
  </testcase>
  <testcase name="postTable_updateExistingOrder" classname="com.example.orderreconciliation.OrderReconciliationIntegrationTest" time="0.012">
    <system-out><![CDATA[2026-09-09T09:17:59.245+05:30  INFO 24677 --- [           main] c.e.o.csv.CsvFileHandler                 : Successfully wrote 0 orders to temporary CSV file.
2026-09-09T09:17:59.245+05:30  INFO 24677 --- [           main] c.e.o.csv.CsvFileHandler                 : CSV file updated successfully at ./target/test-data/orders.csv.
2026-09-09T09:17:59.247+05:30  INFO 24677 --- [           main] c.e.o.service.OrderTableService          : Inserting new order with orderId: 100000000001
2026-09-09T09:17:59.249+05:30  INFO 24677 --- [           main] c.e.o.service.OrderTableService          : Updating existing order with orderId: 100000000001
]]></system-out>
  </testcase>
  <testcase name="postTable_invalidOrderId" classname="com.example.orderreconciliation.OrderReconciliationIntegrationTest" time="0.007">
    <system-out><![CDATA[2026-09-09T09:17:59.257+05:30  INFO 24677 --- [           main] c.e.o.csv.CsvFileHandler                 : Successfully wrote 0 orders to temporary CSV file.
2026-09-09T09:17:59.257+05:30  INFO 24677 --- [           main] c.e.o.csv.CsvFileHandler                 : CSV file updated successfully at ./target/test-data/orders.csv.
2026-09-09T09:17:59.261+05:30  WARN 24677 --- [           main] c.e.o.exception.GlobalExceptionHandler   : Validation error: orderId: orderId must contain exactly 12 digits
]]></system-out>
  </testcase>
  <testcase name="postTable_missingClientName" classname="com.example.orderreconciliation.OrderReconciliationIntegrationTest" time="0.004">
    <system-out><![CDATA[2026-09-09T09:17:59.264+05:30  INFO 24677 --- [           main] c.e.o.csv.CsvFileHandler                 : Successfully wrote 0 orders to temporary CSV file.
2026-09-09T09:17:59.265+05:30  INFO 24677 --- [           main] c.e.o.csv.CsvFileHandler                 : CSV file updated successfully at ./target/test-data/orders.csv.
2026-09-09T09:17:59.266+05:30  WARN 24677 --- [           main] c.e.o.exception.GlobalExceptionHandler   : Validation error: clientName: clientName is mandatory
]]></system-out>
  </testcase>
  <testcase name="getTableNotMatched" classname="com.example.orderreconciliation.OrderReconciliationIntegrationTest" time="0.006">
    <system-out><![CDATA[2026-09-09T09:17:59.269+05:30  INFO 24677 --- [           main] c.e.o.csv.CsvFileHandler                 : Successfully wrote 0 orders to temporary CSV file.
2026-09-09T09:17:59.269+05:30  INFO 24677 --- [           main] c.e.o.csv.CsvFileHandler                 : CSV file updated successfully at ./target/test-data/orders.csv.
2026-09-09T09:17:59.271+05:30  INFO 24677 --- [           main] c.e.o.service.OrderTableService          : Inserting new order with orderId: 100000000001
2026-09-09T09:17:59.272+05:30  INFO 24677 --- [           main] c.e.o.service.ReconciliationService      : Reconciliation started.
2026-09-09T09:17:59.273+05:30  INFO 24677 --- [           main] c.e.o.csv.CsvFileHandler                 : Read 0 orders from CSV file.
2026-09-09T09:17:59.273+05:30  INFO 24677 --- [           main] c.e.o.service.ReconciliationService      : Database records: 1. CSV records: 0.
2026-09-09T09:17:59.273+05:30  INFO 24677 --- [           main] c.e.o.service.ReconciliationService      : Reconciliation completed. Matched: 0, Table not matched: 1, CSV not matched: 0.
]]></system-out>
  </testcase>
  <testcase name="getReconciliation_bothEmpty" classname="com.example.orderreconciliation.OrderReconciliationIntegrationTest" time="0.007">
    <system-out><![CDATA[2026-09-09T09:17:59.277+05:30  INFO 24677 --- [           main] c.e.o.csv.CsvFileHandler                 : Successfully wrote 0 orders to temporary CSV file.
2026-09-09T09:17:59.277+05:30  INFO 24677 --- [           main] c.e.o.csv.CsvFileHandler                 : CSV file updated successfully at ./target/test-data/orders.csv.
2026-09-09T09:17:59.277+05:30  INFO 24677 --- [           main] c.e.o.service.ReconciliationService      : Reconciliation started.
2026-09-09T09:17:59.278+05:30  INFO 24677 --- [           main] c.e.o.csv.CsvFileHandler                 : Read 0 orders from CSV file.
2026-09-09T09:17:59.278+05:30  INFO 24677 --- [           main] c.e.o.service.ReconciliationService      : Database records: 0. CSV records: 0.
2026-09-09T09:17:59.278+05:30  INFO 24677 --- [           main] c.e.o.service.ReconciliationService      : Reconciliation completed. Matched: 0, Table not matched: 0, CSV not matched: 0.
2026-09-09T09:17:59.279+05:30  INFO 24677 --- [           main] c.e.o.service.ReconciliationService      : Reconciliation started.
2026-09-09T09:17:59.280+05:30  INFO 24677 --- [           main] c.e.o.csv.CsvFileHandler                 : Read 0 orders from CSV file.
2026-09-09T09:17:59.280+05:30  INFO 24677 --- [           main] c.e.o.service.ReconciliationService      : Database records: 0. CSV records: 0.
2026-09-09T09:17:59.280+05:30  INFO 24677 --- [           main] c.e.o.service.ReconciliationService      : Reconciliation completed. Matched: 0, Table not matched: 0, CSV not matched: 0.
2026-09-09T09:17:59.280+05:30  INFO 24677 --- [           main] c.e.o.service.ReconciliationService      : Reconciliation started.
2026-09-09T09:17:59.281+05:30  INFO 24677 --- [           main] c.e.o.csv.CsvFileHandler                 : Read 0 orders from CSV file.
2026-09-09T09:17:59.281+05:30  INFO 24677 --- [           main] c.e.o.service.ReconciliationService      : Database records: 0. CSV records: 0.
2026-09-09T09:17:59.281+05:30  INFO 24677 --- [           main] c.e.o.service.ReconciliationService      : Reconciliation completed. Matched: 0, Table not matched: 0, CSV not matched: 0.
]]></system-out>
  </testcase>
  <testcase name="postCsv_duplicateOrderId" classname="com.example.orderreconciliation.OrderReconciliationIntegrationTest" time="0.004">
    <system-out><![CDATA[2026-09-09T09:17:59.283+05:30  INFO 24677 --- [           main] c.e.o.csv.CsvFileHandler                 : Successfully wrote 0 orders to temporary CSV file.
2026-09-09T09:17:59.284+05:30  INFO 24677 --- [           main] c.e.o.csv.CsvFileHandler                 : CSV file updated successfully at ./target/test-data/orders.csv.
2026-09-09T09:17:59.284+05:30  INFO 24677 --- [           main] c.e.o.service.CsvService                 : CSV upload started. File: orders.csv, Size: 189 bytes
2026-09-09T09:17:59.285+05:30  WARN 24677 --- [           main] c.e.o.exception.GlobalExceptionHandler   : Invalid CSV: CSV validation failed: Row 3: duplicate orderId '100000000001'
]]></system-out>
  </testcase>
  <testcase name="getCsvNotMatched" classname="com.example.orderreconciliation.OrderReconciliationIntegrationTest" time="0.005">
    <system-out><![CDATA[2026-09-09T09:17:59.287+05:30  INFO 24677 --- [           main] c.e.o.csv.CsvFileHandler                 : Successfully wrote 0 orders to temporary CSV file.
2026-09-09T09:17:59.288+05:30  INFO 24677 --- [           main] c.e.o.csv.CsvFileHandler                 : CSV file updated successfully at ./target/test-data/orders.csv.
2026-09-09T09:17:59.288+05:30  INFO 24677 --- [           main] c.e.o.service.CsvService                 : CSV upload started. File: orders.csv, Size: 128 bytes
2026-09-09T09:17:59.288+05:30  INFO 24677 --- [           main] c.e.o.csv.CsvFileHandler                 : Parsed and validated 1 orders from uploaded CSV.
2026-09-09T09:17:59.288+05:30  INFO 24677 --- [           main] c.e.o.service.CsvService                 : CSV validation completed. 1 valid records found.
2026-09-09T09:17:59.288+05:30  INFO 24677 --- [           main] c.e.o.csv.CsvFileHandler                 : Successfully wrote 1 orders to temporary CSV file.
2026-09-09T09:17:59.289+05:30  INFO 24677 --- [           main] c.e.o.csv.CsvFileHandler                 : CSV file updated successfully at ./target/test-data/orders.csv.
2026-09-09T09:17:59.289+05:30  INFO 24677 --- [           main] c.e.o.service.CsvService                 : CSV file updated successfully with 1 records.
2026-09-09T09:17:59.289+05:30  INFO 24677 --- [           main] c.e.o.service.ReconciliationService      : Reconciliation started.
2026-09-09T09:17:59.290+05:30  INFO 24677 --- [           main] c.e.o.csv.CsvFileHandler                 : Read 1 orders from CSV file.
2026-09-09T09:17:59.290+05:30  INFO 24677 --- [           main] c.e.o.service.ReconciliationService      : Database records: 0. CSV records: 1.
2026-09-09T09:17:59.290+05:30  INFO 24677 --- [           main] c.e.o.service.ReconciliationService      : Reconciliation completed. Matched: 0, Table not matched: 0, CSV not matched: 1.
]]></system-out>
  </testcase>
  <testcase name="getMatched" classname="com.example.orderreconciliation.OrderReconciliationIntegrationTest" time="0.009">
    <system-out><![CDATA[2026-09-09T09:17:59.293+05:30  INFO 24677 --- [           main] c.e.o.csv.CsvFileHandler                 : Successfully wrote 0 orders to temporary CSV file.
2026-09-09T09:17:59.293+05:30  INFO 24677 --- [           main] c.e.o.csv.CsvFileHandler                 : CSV file updated successfully at ./target/test-data/orders.csv.
2026-09-09T09:17:59.295+05:30  INFO 24677 --- [           main] c.e.o.service.OrderTableService          : Inserting new order with orderId: 100000000001
2026-09-09T09:17:59.297+05:30  INFO 24677 --- [           main] c.e.o.service.CsvService                 : CSV upload started. File: orders.csv, Size: 128 bytes
2026-09-09T09:17:59.297+05:30  INFO 24677 --- [           main] c.e.o.csv.CsvFileHandler                 : Parsed and validated 1 orders from uploaded CSV.
2026-09-09T09:17:59.297+05:30  INFO 24677 --- [           main] c.e.o.service.CsvService                 : CSV validation completed. 1 valid records found.
2026-09-09T09:17:59.297+05:30  INFO 24677 --- [           main] c.e.o.csv.CsvFileHandler                 : Successfully wrote 1 orders to temporary CSV file.
2026-09-09T09:17:59.298+05:30  INFO 24677 --- [           main] c.e.o.csv.CsvFileHandler                 : CSV file updated successfully at ./target/test-data/orders.csv.
2026-09-09T09:17:59.298+05:30  INFO 24677 --- [           main] c.e.o.service.CsvService                 : CSV file updated successfully with 1 records.
2026-09-09T09:17:59.298+05:30  INFO 24677 --- [           main] c.e.o.service.ReconciliationService      : Reconciliation started.
2026-09-09T09:17:59.300+05:30  INFO 24677 --- [           main] c.e.o.csv.CsvFileHandler                 : Read 1 orders from CSV file.
2026-09-09T09:17:59.300+05:30  INFO 24677 --- [           main] c.e.o.service.ReconciliationService      : Database records: 1. CSV records: 1.
2026-09-09T09:17:59.300+05:30  INFO 24677 --- [           main] c.e.o.service.ReconciliationService      : Reconciliation completed. Matched: 1, Table not matched: 0, CSV not matched: 0.
]]></system-out>
  </testcase>
</testsuite>